#
# There is insufficient memory for the Java Runtime Environment to continue.
# Native memory allocation (malloc) failed to allocate 32744 bytes for ChunkPool::allocate
# Possible reasons:
#   The system is out of physical RAM or swap space
#   The process is running with CompressedOops enabled, and the Java Heap may be blocking the growth of the native heap
# Possible solutions:
#   Reduce memory load on the system
#   Increase physical memory or swap space
#   Check if swap backing store is full
#   Decrease Java heap size (-Xmx/-Xms)
#   Decrease number of Java threads
#   Decrease Java thread stack sizes (-Xss)
#   Set larger code cache with -XX:ReservedCodeCacheSize=
#   JVM is running with Zero Based Compressed Oops mode in which the Java heap is
#     placed in the first 32GB address space. The Java Heap base address is the
#     maximum limit for the native heap growth. Please use -XX:HeapBaseMinAddress
#     to set the Java Heap base and to place the Java Heap above 32GB virtual address.
# This output file may be truncated or incomplete.
#
#  Out of Memory Error (./src/hotspot/share/memory/arena.cpp:81), pid=23924, tid=25288
#
# JRE version: OpenJDK Runtime Environment (11.0.13) (build 11.0.13+0-b1751.21-8125866)
# Java VM: OpenJDK 64-Bit Server VM (11.0.13+0-b1751.21-8125866, mixed mode, tiered, compressed oops, g1 gc, windows-amd64)
# No core dump will be written. Minidumps are not enabled by default on client versions of Windows
#

---------------  S U M M A R Y ------------

Command Line: -Dorg.gradle.appname=gradlew org.gradle.wrapper.GradleWrapperMain -q -Ptarget-platform=android-arm64 -Ptarget=D:\besafe\besafe\besafe8\lib\main.dart -Pbase-application-name=android.app.Application -Pdart-defines=RkxVVFRFUl9XRUJfQVVUT19ERVRFQ1Q9dHJ1ZQ==,RkxVVFRFUl9XRUJfQ0FOVkFTS0lUX1VSTD1odHRwczovL3d3dy5nc3RhdGljLmNvbS9mbHV0dGVyLWNhbnZhc2tpdC85MGZhM2FlMjhmZTZkZGFlZTFhZjJjMTIwZjAxZTUwMjAxYzE0MDFiLw== -Pdart-obfuscation=false -Ptrack-widget-creation=true -Ptree-shake-icons=false -Pfilesystem-scheme=org-dartlang-root assembleDebug

Host: AMD Ryzen 5 5500U with Radeon Graphics         , 12 cores, 15G,  Windows 11 , 64 bit Build 22621 (10.0.22621.1635)
Time: Mon Jun 12 20:50:49 2023 Центральная Азия (зима) elapsed time: 28.551764 seconds (0d 0h 0m 28s)

---------------  T H R E A D  ---------------

Current thread (0x00000202f91e3800):  JavaThread "C1 CompilerThread0" daemon [_thread_in_native, id=25288, stack(0x000000bf90b00000,0x000000bf90c00000)]


Current CompileTask:
C1:  28551 1328       3      
[error occurred during error reporting (printing current compile task), id 0xe0000001, Out of Memory Error (./src/hotspot/share/memory/arena.cpp:81)]

Stack: [0x000000bf90b00000,0x000000bf90c00000]
Native frames: (J=compiled Java code, j=interpreted, Vv=VM code, C=native code)
V  [jvm.dll+0x6100fa]
V  [jvm.dll+0x747090]
V  [jvm.dll+0x7486ad]
V  [jvm.dll+0x748d83]
V  [jvm.dll+0x24ab48]
V  [jvm.dll+0xc075b]
V  [jvm.dll+0xc0a0c]
V  [jvm.dll+0x6d8b3a]
V  [jvm.dll+0x6d8c89]
V  [jvm.dll+0x4e5222]
V  [jvm.dll+0x5c6e49]
V  [jvm.dll+0x215a15]
V  [jvm.dll+0x215e27]
V  [jvm.dll+0x746f2e]
V  [jvm.dll+0x7486ad]
V  [jvm.dll+0x748d83]
V  [jvm.dll+0x24ab48]
V  [jvm.dll+0xc075b]
V  [jvm.dll+0xc0a0c]
V  [jvm.dll+0x12bd5d]
V  [jvm.dll+0x13b74c]
V  [jvm.dll+0x13b1c0]
V  [jvm.dll+0x132350]
V  [jvm.dll+0x134845]
V  [jvm.dll+0x132ea2]
V  [jvm.dll+0x12c6e6]
V  [jvm.dll+0x13ce16]
V  [jvm.dll+0x13ccc9]
V  [jvm.dll+0x128489]
V  [jvm.dll+0x1287da]
V  [jvm.dll+0x1289d3]
V  [jvm.dll+0x127ce7]
V  [jvm.dll+0x1298b7]
V  [jvm.dll+0x21106b]
V  [jvm.dll+0x20f8c1]
V  [jvm.dll+0x70de0f]
V  [jvm.dll+0x706a75]
V  [jvm.dll+0x60ed66]
C  [ucrtbase.dll+0x29363]
C  [KERNEL32.DLL+0x126ad]
C  [ntdll.dll+0x5a9f8]


---------------  P R O C E S S  ---------------

Threads class SMR info:
_java_thread_list=0x00000202f98f3ef0, length=11, elements={
0x00000202d9900000, 0x00000202f88dc800, 0x00000202f88df000, 0x00000202f91dd000,
0x00000202f91de000, 0x00000202f91df000, 0x00000202f91e2000, 0x00000202f91e3800,
0x00000202f91e6800, 0x00000202f9366000, 0x00000202fa46b800
}

Java Threads: ( => current thread )
  0x00000202d9900000 JavaThread "main" [_thread_in_native, id=22316, stack(0x000000bf8fe00000,0x000000bf8ff00000)]
  0x00000202f88dc800 JavaThread "Reference Handler" daemon [_thread_blocked, id=22512, stack(0x000000bf90500000,0x000000bf90600000)]
  0x00000202f88df000 JavaThread "Finalizer" daemon [_thread_blocked, id=24916, stack(0x000000bf90600000,0x000000bf90700000)]
  0x00000202f91dd000 JavaThread "Signal Dispatcher" daemon [_thread_blocked, id=17964, stack(0x000000bf90700000,0x000000bf90800000)]
  0x00000202f91de000 JavaThread "Attach Listener" daemon [_thread_blocked, id=23760, stack(0x000000bf90800000,0x000000bf90900000)]
  0x00000202f91df000 JavaThread "Service Thread" daemon [_thread_blocked, id=24500, stack(0x000000bf90900000,0x000000bf90a00000)]
  0x00000202f91e2000 JavaThread "C2 CompilerThread0" daemon [_thread_blocked, id=18900, stack(0x000000bf90a00000,0x000000bf90b00000)]
=>0x00000202f91e3800 JavaThread "C1 CompilerThread0" daemon [_thread_in_native, id=25288, stack(0x000000bf90b00000,0x000000bf90c00000)]
  0x00000202f91e6800 JavaThread "Sweeper thread" daemon [_thread_blocked, id=16228, stack(0x000000bf90c00000,0x000000bf90d00000)]
  0x00000202f9366000 JavaThread "Common-Cleaner" daemon [_thread_blocked, id=25812, stack(0x000000bf90e00000,0x000000bf90f00000)]
  0x00000202fa46b800 JavaThread "pool-1-thread-1" [_thread_blocked, id=3236, stack(0x000000bf91500000,0x000000bf91600000)]

Other Threads:
  0x00000202f88c7800 VMThread "VM Thread" [stack: 0x000000bf90400000,0x000000bf90500000] [id=9412]
  0x00000202f9359000 WatcherThread [stack: 0x000000bf90d00000,0x000000bf90e00000] [id=5640]
  0x00000202d9919000 GCTaskThread "GC Thread#0" [stack: 0x000000bf8ff00000,0x000000bf90000000] [id=23972]
  0x00000202f9f93800 GCTaskThread "GC Thread#1" [stack: 0x000000bf91100000,0x000000bf91200000] [id=24324]
  0x00000202f9f7a000 GCTaskThread "GC Thread#2" [stack: 0x000000bf91200000,0x000000bf91300000] [id=19696]
  0x00000202fa047000 GCTaskThread "GC Thread#3" [stack: 0x000000bf91300000,0x000000bf91400000] [id=24440]
  0x00000202f9a59000 GCTaskThread "GC Thread#4" [stack: 0x000000bf91400000,0x000000bf91500000] [id=15316]
  0x00000202d9972800 ConcurrentGCThread "G1 Main Marker" [stack: 0x000000bf90000000,0x000000bf90100000] [id=25996]
  0x00000202d9975000 ConcurrentGCThread "G1 Conc#0" [stack: 0x000000bf90100000,0x000000bf90200000] [id=7664]
  0x00000202f87af800 ConcurrentGCThread "G1 Refine#0" [stack: 0x000000bf90200000,0x000000bf90300000] [id=23740]
  0x00000202f87b2800 ConcurrentGCThread "G1 Young RemSet Sampling" [stack: 0x000000bf90300000,0x000000bf90400000] [id=12600]

Threads with active compile tasks:
C1 CompilerThread0  28772 1328       3       java.util.regex.Pattern::sequence (645 bytes)

VM state:not at safepoint (normal execution)

VM Mutex/Monitor currently owned by a thread: None

Heap address: 0x000000070a800000, size: 3928 MB, Compressed Oops mode: Zero based, Oop shift amount: 3
Narrow klass base: 0x0000000800000000, Narrow klass shift: 0
Compressed class space size: 1073741824 Address: 0x0000000800000000

Heap:
 garbage-first heap   total 251904K, used 33080K [0x000000070a800000, 0x0000000800000000)
  region size 1024K, 27 young (27648K), 3 survivors (3072K)
 Metaspace       used 15509K, capacity 15902K, committed 16000K, reserved 1062912K
  class space    used 1749K, capacity 1858K, committed 1920K, reserved 1048576K
Heap Regions: E=young(eden), S=young(survivor), O=old, HS=humongous(starts), HC=humongous(continues), CS=collection set, F=free, A=archive, TAMS=top-at-mark-start (previous, next)
|   0|0x000000070a800000, 0x000000070a800000, 0x000000070a900000|  0%| F|  |TAMS 0x000000070a800000, 0x000000070a800000| Untracked 
|   1|0x000000070a900000, 0x000000070a900000, 0x000000070aa00000|  0%| F|  |TAMS 0x000000070a900000, 0x000000070a900000| Untracked 
|   2|0x000000070aa00000, 0x000000070aa00000, 0x000000070ab00000|  0%| F|  |TAMS 0x000000070aa00000, 0x000000070aa00000| Untracked 
|   3|0x000000070ab00000, 0x000000070ac00000, 0x000000070ac00000|100%|HS|  |TAMS 0x000000070ab00000, 0x000000070ab00000| Complete 
|   4|0x000000070ac00000, 0x000000070ad00000, 0x000000070ad00000|100%|HC|  |TAMS 0x000000070ac00000, 0x000000070ac00000| Complete 
|   5|0x000000070ad00000, 0x000000070ae00000, 0x000000070ae00000|100%|HC|  |TAMS 0x000000070ad00000, 0x000000070ad00000| Complete 
|   6|0x000000070ae00000, 0x000000070af00000, 0x000000070af00000|100%| O|  |TAMS 0x000000070ae00000, 0x000000070ae00000| Untracked 
|   7|0x000000070af00000, 0x000000070b000000, 0x000000070b000000|100%| O|  |TAMS 0x000000070af00000, 0x000000070af00000| Untracked 
|   8|0x000000070b000000, 0x000000070b100000, 0x000000070b100000|100%| O|  |TAMS 0x000000070b000000, 0x000000070b000000| Untracked 
|   9|0x000000070b100000, 0x000000070b14e200, 0x000000070b200000| 30%| O|  |TAMS 0x000000070b100000, 0x000000070b100000| Untracked 
|  10|0x000000070b200000, 0x000000070b200000, 0x000000070b300000|  0%| F|  |TAMS 0x000000070b200000, 0x000000070b200000| Untracked 
|  11|0x000000070b300000, 0x000000070b300000, 0x000000070b400000|  0%| F|  |TAMS 0x000000070b300000, 0x000000070b300000| Untracked 
|  12|0x000000070b400000, 0x000000070b400000, 0x000000070b500000|  0%| F|  |TAMS 0x000000070b400000, 0x000000070b400000| Untracked 
|  13|0x000000070b500000, 0x000000070b500000, 0x000000070b600000|  0%| F|  |TAMS 0x000000070b500000, 0x000000070b500000| Untracked 
|  14|0x000000070b600000, 0x000000070b600000, 0x000000070b700000|  0%| F|  |TAMS 0x000000070b600000, 0x000000070b600000| Untracked 
|  15|0x000000070b700000, 0x000000070b700000, 0x000000070b800000|  0%| F|  |TAMS 0x000000070b700000, 0x000000070b700000| Untracked 
|  16|0x000000070b800000, 0x000000070b800000, 0x000000070b900000|  0%| F|  |TAMS 0x000000070b800000, 0x000000070b800000| Untracked 
|  17|0x000000070b900000, 0x000000070b900000, 0x000000070ba00000|  0%| F|  |TAMS 0x000000070b900000, 0x000000070b900000| Untracked 
|  18|0x000000070ba00000, 0x000000070ba00000, 0x000000070bb00000|  0%| F|  |TAMS 0x000000070ba00000, 0x000000070ba00000| Untracked 
|  19|0x000000070bb00000, 0x000000070bb00000, 0x000000070bc00000|  0%| F|  |TAMS 0x000000070bb00000, 0x000000070bb00000| Untracked 
|  20|0x000000070bc00000, 0x000000070bc00000, 0x000000070bd00000|  0%| F|  |TAMS 0x000000070bc00000, 0x000000070bc00000| Untracked 
|  21|0x000000070bd00000, 0x000000070bd00000, 0x000000070be00000|  0%| F|  |TAMS 0x000000070bd00000, 0x000000070bd00000| Untracked 
|  22|0x000000070be00000, 0x000000070be00000, 0x000000070bf00000|  0%| F|  |TAMS 0x000000070be00000, 0x000000070be00000| Untracked 
|  23|0x000000070bf00000, 0x000000070bf00000, 0x000000070c000000|  0%| F|  |TAMS 0x000000070bf00000, 0x000000070bf00000| Untracked 
|  24|0x000000070c000000, 0x000000070c000000, 0x000000070c100000|  0%| F|  |TAMS 0x000000070c000000, 0x000000070c000000| Untracked 
|  25|0x000000070c100000, 0x000000070c100000, 0x000000070c200000|  0%| F|  |TAMS 0x000000070c100000, 0x000000070c100000| Untracked 
|  26|0x000000070c200000, 0x000000070c200000, 0x000000070c300000|  0%| F|  |TAMS 0x000000070c200000, 0x000000070c200000| Untracked 
|  27|0x000000070c300000, 0x000000070c300000, 0x000000070c400000|  0%| F|  |TAMS 0x000000070c300000, 0x000000070c300000| Untracked 
|  28|0x000000070c400000, 0x000000070c400000, 0x000000070c500000|  0%| F|  |TAMS 0x000000070c400000, 0x000000070c400000| Untracked 
|  29|0x000000070c500000, 0x000000070c500000, 0x000000070c600000|  0%| F|  |TAMS 0x000000070c500000, 0x000000070c500000| Untracked 
|  30|0x000000070c600000, 0x000000070c600000, 0x000000070c700000|  0%| F|  |TAMS 0x000000070c600000, 0x000000070c600000| Untracked 
|  31|0x000000070c700000, 0x000000070c700000, 0x000000070c800000|  0%| F|  |TAMS 0x000000070c700000, 0x000000070c700000| Untracked 
|  32|0x000000070c800000, 0x000000070c800000, 0x000000070c900000|  0%| F|  |TAMS 0x000000070c800000, 0x000000070c800000| Untracked 
|  33|0x000000070c900000, 0x000000070c900000, 0x000000070ca00000|  0%| F|  |TAMS 0x000000070c900000, 0x000000070c900000| Untracked 
|  34|0x000000070ca00000, 0x000000070ca00000, 0x000000070cb00000|  0%| F|  |TAMS 0x000000070ca00000, 0x000000070ca00000| Untracked 
|  35|0x000000070cb00000, 0x000000070cb00000, 0x000000070cc00000|  0%| F|  |TAMS 0x000000070cb00000, 0x000000070cb00000| Untracked 
|  36|0x000000070cc00000, 0x000000070cc00000, 0x000000070cd00000|  0%| F|  |TAMS 0x000000070cc00000, 0x000000070cc00000| Untracked 
|  37|0x000000070cd00000, 0x000000070cd00000, 0x000000070ce00000|  0%| F|  |TAMS 0x000000070cd00000, 0x000000070cd00000| Untracked 
|  38|0x000000070ce00000, 0x000000070ce00000, 0x000000070cf00000|  0%| F|  |TAMS 0x000000070ce00000, 0x000000070ce00000| Untracked 
|  39|0x000000070cf00000, 0x000000070cf00000, 0x000000070d000000|  0%| F|  |TAMS 0x000000070cf00000, 0x000000070cf00000| Untracked 
|  40|0x000000070d000000, 0x000000070d000000, 0x000000070d100000|  0%| F|  |TAMS 0x000000070d000000, 0x000000070d000000| Untracked 
|  41|0x000000070d100000, 0x000000070d100000, 0x000000070d200000|  0%| F|  |TAMS 0x000000070d100000, 0x000000070d100000| Untracked 
|  42|0x000000070d200000, 0x000000070d200000, 0x000000070d300000|  0%| F|  |TAMS 0x000000070d200000, 0x000000070d200000| Untracked 
|  43|0x000000070d300000, 0x000000070d300000, 0x000000070d400000|  0%| F|  |TAMS 0x000000070d300000, 0x000000070d300000| Untracked 
|  44|0x000000070d400000, 0x000000070d400000, 0x000000070d500000|  0%| F|  |TAMS 0x000000070d400000, 0x000000070d400000| Untracked 
|  45|0x000000070d500000, 0x000000070d500000, 0x000000070d600000|  0%| F|  |TAMS 0x000000070d500000, 0x000000070d500000| Untracked 
|  46|0x000000070d600000, 0x000000070d600000, 0x000000070d700000|  0%| F|  |TAMS 0x000000070d600000, 0x000000070d600000| Untracked 
|  47|0x000000070d700000, 0x000000070d700000, 0x000000070d800000|  0%| F|  |TAMS 0x000000070d700000, 0x000000070d700000| Untracked 
|  48|0x000000070d800000, 0x000000070d800000, 0x000000070d900000|  0%| F|  |TAMS 0x000000070d800000, 0x000000070d800000| Untracked 
|  49|0x000000070d900000, 0x000000070d900000, 0x000000070da00000|  0%| F|  |TAMS 0x000000070d900000, 0x000000070d900000| Untracked 
|  50|0x000000070da00000, 0x000000070da00000, 0x000000070db00000|  0%| F|  |TAMS 0x000000070da00000, 0x000000070da00000| Untracked 
|  51|0x000000070db00000, 0x000000070db00000, 0x000000070dc00000|  0%| F|  |TAMS 0x000000070db00000, 0x000000070db00000| Untracked 
|  52|0x000000070dc00000, 0x000000070dc00000, 0x000000070dd00000|  0%| F|  |TAMS 0x000000070dc00000, 0x000000070dc00000| Untracked 
|  53|0x000000070dd00000, 0x000000070dd00000, 0x000000070de00000|  0%| F|  |TAMS 0x000000070dd00000, 0x000000070dd00000| Untracked 
|  54|0x000000070de00000, 0x000000070de00000, 0x000000070df00000|  0%| F|  |TAMS 0x000000070de00000, 0x000000070de00000| Untracked 
|  55|0x000000070df00000, 0x000000070df00000, 0x000000070e000000|  0%| F|  |TAMS 0x000000070df00000, 0x000000070df00000| Untracked 
|  56|0x000000070e000000, 0x000000070e000000, 0x000000070e100000|  0%| F|  |TAMS 0x000000070e000000, 0x000000070e000000| Untracked 
|  57|0x000000070e100000, 0x000000070e100000, 0x000000070e200000|  0%| F|  |TAMS 0x000000070e100000, 0x000000070e100000| Untracked 
|  58|0x000000070e200000, 0x000000070e200000, 0x000000070e300000|  0%| F|  |TAMS 0x000000070e200000, 0x000000070e200000| Untracked 
|  59|0x000000070e300000, 0x000000070e300000, 0x000000070e400000|  0%| F|  |TAMS 0x000000070e300000, 0x000000070e300000| Untracked 
|  60|0x000000070e400000, 0x000000070e400000, 0x000000070e500000|  0%| F|  |TAMS 0x000000070e400000, 0x000000070e400000| Untracked 
|  61|0x000000070e500000, 0x000000070e500000, 0x000000070e600000|  0%| F|  |TAMS 0x000000070e500000, 0x000000070e500000| Untracked 
|  62|0x000000070e600000, 0x000000070e600000, 0x000000070e700000|  0%| F|  |TAMS 0x000000070e600000, 0x000000070e600000| Untracked 
|  63|0x000000070e700000, 0x000000070e700000, 0x000000070e800000|  0%| F|  |TAMS 0x000000070e700000, 0x000000070e700000| Untracked 
|  64|0x000000070e800000, 0x000000070e800000, 0x000000070e900000|  0%| F|  |TAMS 0x000000070e800000, 0x000000070e800000| Untracked 
|  65|0x000000070e900000, 0x000000070e900000, 0x000000070ea00000|  0%| F|  |TAMS 0x000000070e900000, 0x000000070e900000| Untracked 
|  66|0x000000070ea00000, 0x000000070ea00000, 0x000000070eb00000|  0%| F|  |TAMS 0x000000070ea00000, 0x000000070ea00000| Untracked 
|  67|0x000000070eb00000, 0x000000070eb00000, 0x000000070ec00000|  0%| F|  |TAMS 0x000000070eb00000, 0x000000070eb00000| Untracked 
|  68|0x000000070ec00000, 0x000000070ec00000, 0x000000070ed00000|  0%| F|  |TAMS 0x000000070ec00000, 0x000000070ec00000| Untracked 
|  69|0x000000070ed00000, 0x000000070ed00000, 0x000000070ee00000|  0%| F|  |TAMS 0x000000070ed00000, 0x000000070ed00000| Untracked 
|  70|0x000000070ee00000, 0x000000070ee00000, 0x000000070ef00000|  0%| F|  |TAMS 0x000000070ee00000, 0x000000070ee00000| Untracked 
|  71|0x000000070ef00000, 0x000000070ef00000, 0x000000070f000000|  0%| F|  |TAMS 0x000000070ef00000, 0x000000070ef00000| Untracked 
|  72|0x000000070f000000, 0x000000070f000000, 0x000000070f100000|  0%| F|  |TAMS 0x000000070f000000, 0x000000070f000000| Untracked 
|  73|0x000000070f100000, 0x000000070f100000, 0x000000070f200000|  0%| F|  |TAMS 0x000000070f100000, 0x000000070f100000| Untracked 
|  74|0x000000070f200000, 0x000000070f200000, 0x000000070f300000|  0%| F|  |TAMS 0x000000070f200000, 0x000000070f200000| Untracked 
|  75|0x000000070f300000, 0x000000070f300000, 0x000000070f400000|  0%| F|  |TAMS 0x000000070f300000, 0x000000070f300000| Untracked 
|  76|0x000000070f400000, 0x000000070f400000, 0x000000070f500000|  0%| F|  |TAMS 0x000000070f400000, 0x000000070f400000| Untracked 
|  77|0x000000070f500000, 0x000000070f500000, 0x000000070f600000|  0%| F|  |TAMS 0x000000070f500000, 0x000000070f500000| Untracked 
|  78|0x000000070f600000, 0x000000070f600000, 0x000000070f700000|  0%| F|  |TAMS 0x000000070f600000, 0x000000070f600000| Untracked 
|  79|0x000000070f700000, 0x000000070f700000, 0x000000070f800000|  0%| F|  |TAMS 0x000000070f700000, 0x000000070f700000| Untracked 
|  80|0x000000070f800000, 0x000000070f800000, 0x000000070f900000|  0%| F|  |TAMS 0x000000070f800000, 0x000000070f800000| Untracked 
|  81|0x000000070f900000, 0x000000070f900000, 0x000000070fa00000|  0%| F|  |TAMS 0x000000070f900000, 0x000000070f900000| Untracked 
|  82|0x000000070fa00000, 0x000000070fa00000, 0x000000070fb00000|  0%| F|  |TAMS 0x000000070fa00000, 0x000000070fa00000| Untracked 
|  83|0x000000070fb00000, 0x000000070fb00000, 0x000000070fc00000|  0%| F|  |TAMS 0x000000070fb00000, 0x000000070fb00000| Untracked 
|  84|0x000000070fc00000, 0x000000070fc00000, 0x000000070fd00000|  0%| F|  |TAMS 0x000000070fc00000, 0x000000070fc00000| Untracked 
|  85|0x000000070fd00000, 0x000000070fd00000, 0x000000070fe00000|  0%| F|  |TAMS 0x000000070fd00000, 0x000000070fd00000| Untracked 
|  86|0x000000070fe00000, 0x000000070fe00000, 0x000000070ff00000|  0%| F|  |TAMS 0x000000070fe00000, 0x000000070fe00000| Untracked 
|  87|0x000000070ff00000, 0x000000070ff00000, 0x0000000710000000|  0%| F|  |TAMS 0x000000070ff00000, 0x000000070ff00000| Untracked 
|  88|0x0000000710000000, 0x0000000710000000, 0x0000000710100000|  0%| F|  |TAMS 0x0000000710000000, 0x0000000710000000| Untracked 
|  89|0x0000000710100000, 0x0000000710100000, 0x0000000710200000|  0%| F|  |TAMS 0x0000000710100000, 0x0000000710100000| Untracked 
|  90|0x0000000710200000, 0x0000000710200000, 0x0000000710300000|  0%| F|  |TAMS 0x0000000710200000, 0x0000000710200000| Untracked 
|  91|0x0000000710300000, 0x0000000710300000, 0x0000000710400000|  0%| F|  |TAMS 0x0000000710300000, 0x0000000710300000| Untracked 
|  92|0x0000000710400000, 0x0000000710400000, 0x0000000710500000|  0%| F|  |TAMS 0x0000000710400000, 0x0000000710400000| Untracked 
|  93|0x0000000710500000, 0x0000000710500000, 0x0000000710600000|  0%| F|  |TAMS 0x0000000710500000, 0x0000000710500000| Untracked 
|  94|0x0000000710600000, 0x0000000710600000, 0x0000000710700000|  0%| F|  |TAMS 0x0000000710600000, 0x0000000710600000| Untracked 
|  95|0x0000000710700000, 0x0000000710700000, 0x0000000710800000|  0%| F|  |TAMS 0x0000000710700000, 0x0000000710700000| Untracked 
|  96|0x0000000710800000, 0x0000000710800000, 0x0000000710900000|  0%| F|  |TAMS 0x0000000710800000, 0x0000000710800000| Untracked 
|  97|0x0000000710900000, 0x0000000710900000, 0x0000000710a00000|  0%| F|  |TAMS 0x0000000710900000, 0x0000000710900000| Untracked 
|  98|0x0000000710a00000, 0x0000000710a00000, 0x0000000710b00000|  0%| F|  |TAMS 0x0000000710a00000, 0x0000000710a00000| Untracked 
|  99|0x0000000710b00000, 0x0000000710b00000, 0x0000000710c00000|  0%| F|  |TAMS 0x0000000710b00000, 0x0000000710b00000| Untracked 
| 100|0x0000000710c00000, 0x0000000710c00000, 0x0000000710d00000|  0%| F|  |TAMS 0x0000000710c00000, 0x0000000710c00000| Untracked 
| 101|0x0000000710d00000, 0x0000000710d00000, 0x0000000710e00000|  0%| F|  |TAMS 0x0000000710d00000, 0x0000000710d00000| Untracked 
| 102|0x0000000710e00000, 0x0000000710e00000, 0x0000000710f00000|  0%| F|  |TAMS 0x0000000710e00000, 0x0000000710e00000| Untracked 
| 103|0x0000000710f00000, 0x0000000710f00000, 0x0000000711000000|  0%| F|  |TAMS 0x0000000710f00000, 0x0000000710f00000| Untracked 
| 104|0x0000000711000000, 0x0000000711000000, 0x0000000711100000|  0%| F|  |TAMS 0x0000000711000000, 0x0000000711000000| Untracked 
| 105|0x0000000711100000, 0x0000000711100000, 0x0000000711200000|  0%| F|  |TAMS 0x0000000711100000, 0x0000000711100000| Untracked 
| 106|0x0000000711200000, 0x0000000711200000, 0x0000000711300000|  0%| F|  |TAMS 0x0000000711200000, 0x0000000711200000| Untracked 
| 107|0x0000000711300000, 0x0000000711300000, 0x0000000711400000|  0%| F|  |TAMS 0x0000000711300000, 0x0000000711300000| Untracked 
| 108|0x0000000711400000, 0x0000000711400000, 0x0000000711500000|  0%| F|  |TAMS 0x0000000711400000, 0x0000000711400000| Untracked 
| 109|0x0000000711500000, 0x0000000711500000, 0x0000000711600000|  0%| F|  |TAMS 0x0000000711500000, 0x0000000711500000| Untracked 
| 110|0x0000000711600000, 0x0000000711600000, 0x0000000711700000|  0%| F|  |TAMS 0x0000000711600000, 0x0000000711600000| Untracked 
| 111|0x0000000711700000, 0x0000000711700000, 0x0000000711800000|  0%| F|  |TAMS 0x0000000711700000, 0x0000000711700000| Untracked 
| 112|0x0000000711800000, 0x0000000711800000, 0x0000000711900000|  0%| F|  |TAMS 0x0000000711800000, 0x0000000711800000| Untracked 
| 113|0x0000000711900000, 0x0000000711900000, 0x0000000711a00000|  0%| F|  |TAMS 0x0000000711900000, 0x0000000711900000| Untracked 
| 114|0x0000000711a00000, 0x0000000711a00000, 0x0000000711b00000|  0%| F|  |TAMS 0x0000000711a00000, 0x0000000711a00000| Untracked 
| 115|0x0000000711b00000, 0x0000000711b00000, 0x0000000711c00000|  0%| F|  |TAMS 0x0000000711b00000, 0x0000000711b00000| Untracked 
| 116|0x0000000711c00000, 0x0000000711c00000, 0x0000000711d00000|  0%| F|  |TAMS 0x0000000711c00000, 0x0000000711c00000| Untracked 
| 117|0x0000000711d00000, 0x0000000711d00000, 0x0000000711e00000|  0%| F|  |TAMS 0x0000000711d00000, 0x0000000711d00000| Untracked 
| 118|0x0000000711e00000, 0x0000000711e00000, 0x0000000711f00000|  0%| F|  |TAMS 0x0000000711e00000, 0x0000000711e00000| Untracked 
| 119|0x0000000711f00000, 0x0000000711f00000, 0x0000000712000000|  0%| F|  |TAMS 0x0000000711f00000, 0x0000000711f00000| Untracked 
| 120|0x0000000712000000, 0x0000000712000000, 0x0000000712100000|  0%| F|  |TAMS 0x0000000712000000, 0x0000000712000000| Untracked 
| 121|0x0000000712100000, 0x0000000712100000, 0x0000000712200000|  0%| F|  |TAMS 0x0000000712100000, 0x0000000712100000| Untracked 
| 122|0x0000000712200000, 0x0000000712200000, 0x0000000712300000|  0%| F|  |TAMS 0x0000000712200000, 0x0000000712200000| Untracked 
| 123|0x0000000712300000, 0x0000000712300000, 0x0000000712400000|  0%| F|  |TAMS 0x0000000712300000, 0x0000000712300000| Untracked 
| 124|0x0000000712400000, 0x0000000712400000, 0x0000000712500000|  0%| F|  |TAMS 0x0000000712400000, 0x0000000712400000| Untracked 
| 125|0x0000000712500000, 0x0000000712500000, 0x0000000712600000|  0%| F|  |TAMS 0x0000000712500000, 0x0000000712500000| Untracked 
| 126|0x0000000712600000, 0x0000000712600000, 0x0000000712700000|  0%| F|  |TAMS 0x0000000712600000, 0x0000000712600000| Untracked 
| 127|0x0000000712700000, 0x0000000712700000, 0x0000000712800000|  0%| F|  |TAMS 0x0000000712700000, 0x0000000712700000| Untracked 
| 128|0x0000000712800000, 0x0000000712800000, 0x0000000712900000|  0%| F|  |TAMS 0x0000000712800000, 0x0000000712800000| Untracked 
| 129|0x0000000712900000, 0x0000000712900000, 0x0000000712a00000|  0%| F|  |TAMS 0x0000000712900000, 0x0000000712900000| Untracked 
| 130|0x0000000712a00000, 0x0000000712a00000, 0x0000000712b00000|  0%| F|  |TAMS 0x0000000712a00000, 0x0000000712a00000| Untracked 
| 131|0x0000000712b00000, 0x0000000712b00000, 0x0000000712c00000|  0%| F|  |TAMS 0x0000000712b00000, 0x0000000712b00000| Untracked 
| 132|0x0000000712c00000, 0x0000000712c00000, 0x0000000712d00000|  0%| F|  |TAMS 0x0000000712c00000, 0x0000000712c00000| Untracked 
| 133|0x0000000712d00000, 0x0000000712d00000, 0x0000000712e00000|  0%| F|  |TAMS 0x0000000712d00000, 0x0000000712d00000| Untracked 
| 134|0x0000000712e00000, 0x0000000712e00000, 0x0000000712f00000|  0%| F|  |TAMS 0x0000000712e00000, 0x0000000712e00000| Untracked 
| 135|0x0000000712f00000, 0x0000000712f00000, 0x0000000713000000|  0%| F|  |TAMS 0x0000000712f00000, 0x0000000712f00000| Untracked 
| 136|0x0000000713000000, 0x0000000713000000, 0x0000000713100000|  0%| F|  |TAMS 0x0000000713000000, 0x0000000713000000| Untracked 
| 137|0x0000000713100000, 0x0000000713100000, 0x0000000713200000|  0%| F|  |TAMS 0x0000000713100000, 0x0000000713100000| Untracked 
| 138|0x0000000713200000, 0x0000000713200000, 0x0000000713300000|  0%| F|  |TAMS 0x0000000713200000, 0x0000000713200000| Untracked 
| 139|0x0000000713300000, 0x0000000713300000, 0x0000000713400000|  0%| F|  |TAMS 0x0000000713300000, 0x0000000713300000| Untracked 
| 140|0x0000000713400000, 0x0000000713400000, 0x0000000713500000|  0%| F|  |TAMS 0x0000000713400000, 0x0000000713400000| Untracked 
| 141|0x0000000713500000, 0x0000000713500000, 0x0000000713600000|  0%| F|  |TAMS 0x0000000713500000, 0x0000000713500000| Untracked 
| 142|0x0000000713600000, 0x0000000713600000, 0x0000000713700000|  0%| F|  |TAMS 0x0000000713600000, 0x0000000713600000| Untracked 
| 143|0x0000000713700000, 0x0000000713700000, 0x0000000713800000|  0%| F|  |TAMS 0x0000000713700000, 0x0000000713700000| Untracked 
| 144|0x0000000713800000, 0x0000000713800000, 0x0000000713900000|  0%| F|  |TAMS 0x0000000713800000, 0x0000000713800000| Untracked 
| 145|0x0000000713900000, 0x0000000713900000, 0x0000000713a00000|  0%| F|  |TAMS 0x0000000713900000, 0x0000000713900000| Untracked 
| 146|0x0000000713a00000, 0x0000000713a00000, 0x0000000713b00000|  0%| F|  |TAMS 0x0000000713a00000, 0x0000000713a00000| Untracked 
| 147|0x0000000713b00000, 0x0000000713b00000, 0x0000000713c00000|  0%| F|  |TAMS 0x0000000713b00000, 0x0000000713b00000| Untracked 
| 148|0x0000000713c00000, 0x0000000713c00000, 0x0000000713d00000|  0%| F|  |TAMS 0x0000000713c00000, 0x0000000713c00000| Untracked 
| 149|0x0000000713d00000, 0x0000000713d00000, 0x0000000713e00000|  0%| F|  |TAMS 0x0000000713d00000, 0x0000000713d00000| Untracked 
| 150|0x0000000713e00000, 0x0000000713e00000, 0x0000000713f00000|  0%| F|  |TAMS 0x0000000713e00000, 0x0000000713e00000| Untracked 
| 151|0x0000000713f00000, 0x0000000713f00000, 0x0000000714000000|  0%| F|  |TAMS 0x0000000713f00000, 0x0000000713f00000| Untracked 
| 152|0x0000000714000000, 0x0000000714000000, 0x0000000714100000|  0%| F|  |TAMS 0x0000000714000000, 0x0000000714000000| Untracked 
| 153|0x0000000714100000, 0x0000000714100000, 0x0000000714200000|  0%| F|  |TAMS 0x0000000714100000, 0x0000000714100000| Untracked 
| 154|0x0000000714200000, 0x0000000714200000, 0x0000000714300000|  0%| F|  |TAMS 0x0000000714200000, 0x0000000714200000| Untracked 
| 155|0x0000000714300000, 0x0000000714300000, 0x0000000714400000|  0%| F|  |TAMS 0x0000000714300000, 0x0000000714300000| Untracked 
| 156|0x0000000714400000, 0x0000000714400000, 0x0000000714500000|  0%| F|  |TAMS 0x0000000714400000, 0x0000000714400000| Untracked 
| 157|0x0000000714500000, 0x0000000714500000, 0x0000000714600000|  0%| F|  |TAMS 0x0000000714500000, 0x0000000714500000| Untracked 
| 158|0x0000000714600000, 0x0000000714600000, 0x0000000714700000|  0%| F|  |TAMS 0x0000000714600000, 0x0000000714600000| Untracked 
| 159|0x0000000714700000, 0x0000000714700000, 0x0000000714800000|  0%| F|  |TAMS 0x0000000714700000, 0x0000000714700000| Untracked 
| 160|0x0000000714800000, 0x0000000714800000, 0x0000000714900000|  0%| F|  |TAMS 0x0000000714800000, 0x0000000714800000| Untracked 
| 161|0x0000000714900000, 0x0000000714900000, 0x0000000714a00000|  0%| F|  |TAMS 0x0000000714900000, 0x0000000714900000| Untracked 
| 162|0x0000000714a00000, 0x0000000714a00000, 0x0000000714b00000|  0%| F|  |TAMS 0x0000000714a00000, 0x0000000714a00000| Untracked 
| 163|0x0000000714b00000, 0x0000000714b00000, 0x0000000714c00000|  0%| F|  |TAMS 0x0000000714b00000, 0x0000000714b00000| Untracked 
| 164|0x0000000714c00000, 0x0000000714c00000, 0x0000000714d00000|  0%| F|  |TAMS 0x0000000714c00000, 0x0000000714c00000| Untracked 
| 165|0x0000000714d00000, 0x0000000714d00000, 0x0000000714e00000|  0%| F|  |TAMS 0x0000000714d00000, 0x0000000714d00000| Untracked 
| 166|0x0000000714e00000, 0x0000000714e00000, 0x0000000714f00000|  0%| F|  |TAMS 0x0000000714e00000, 0x0000000714e00000| Untracked 
| 167|0x0000000714f00000, 0x0000000714f00000, 0x0000000715000000|  0%| F|  |TAMS 0x0000000714f00000, 0x0000000714f00000| Untracked 
| 168|0x0000000715000000, 0x0000000715000000, 0x0000000715100000|  0%| F|  |TAMS 0x0000000715000000, 0x0000000715000000| Untracked 
| 169|0x0000000715100000, 0x0000000715100000, 0x0000000715200000|  0%| F|  |TAMS 0x0000000715100000, 0x0000000715100000| Untracked 
| 170|0x0000000715200000, 0x0000000715200000, 0x0000000715300000|  0%| F|  |TAMS 0x0000000715200000, 0x0000000715200000| Untracked 
| 171|0x0000000715300000, 0x0000000715300000, 0x0000000715400000|  0%| F|  |TAMS 0x0000000715300000, 0x0000000715300000| Untracked 
| 172|0x0000000715400000, 0x0000000715400000, 0x0000000715500000|  0%| F|  |TAMS 0x0000000715400000, 0x0000000715400000| Untracked 
| 173|0x0000000715500000, 0x0000000715500000, 0x0000000715600000|  0%| F|  |TAMS 0x0000000715500000, 0x0000000715500000| Untracked 
| 174|0x0000000715600000, 0x0000000715600000, 0x0000000715700000|  0%| F|  |TAMS 0x0000000715600000, 0x0000000715600000| Untracked 
| 175|0x0000000715700000, 0x0000000715700000, 0x0000000715800000|  0%| F|  |TAMS 0x0000000715700000, 0x0000000715700000| Untracked 
| 176|0x0000000715800000, 0x0000000715800000, 0x0000000715900000|  0%| F|  |TAMS 0x0000000715800000, 0x0000000715800000| Untracked 
| 177|0x0000000715900000, 0x0000000715900000, 0x0000000715a00000|  0%| F|  |TAMS 0x0000000715900000, 0x0000000715900000| Untracked 
| 178|0x0000000715a00000, 0x0000000715a00000, 0x0000000715b00000|  0%| F|  |TAMS 0x0000000715a00000, 0x0000000715a00000| Untracked 
| 179|0x0000000715b00000, 0x0000000715b00000, 0x0000000715c00000|  0%| F|  |TAMS 0x0000000715b00000, 0x0000000715b00000| Untracked 
| 180|0x0000000715c00000, 0x0000000715c00000, 0x0000000715d00000|  0%| F|  |TAMS 0x0000000715c00000, 0x0000000715c00000| Untracked 
| 181|0x0000000715d00000, 0x0000000715d00000, 0x0000000715e00000|  0%| F|  |TAMS 0x0000000715d00000, 0x0000000715d00000| Untracked 
| 182|0x0000000715e00000, 0x0000000715e00000, 0x0000000715f00000|  0%| F|  |TAMS 0x0000000715e00000, 0x0000000715e00000| Untracked 
| 183|0x0000000715f00000, 0x0000000715f00000, 0x0000000716000000|  0%| F|  |TAMS 0x0000000715f00000, 0x0000000715f00000| Untracked 
| 184|0x0000000716000000, 0x0000000716000000, 0x0000000716100000|  0%| F|  |TAMS 0x0000000716000000, 0x0000000716000000| Untracked 
| 185|0x0000000716100000, 0x0000000716100000, 0x0000000716200000|  0%| F|  |TAMS 0x0000000716100000, 0x0000000716100000| Untracked 
| 186|0x0000000716200000, 0x0000000716200000, 0x0000000716300000|  0%| F|  |TAMS 0x0000000716200000, 0x0000000716200000| Untracked 
| 187|0x0000000716300000, 0x0000000716300000, 0x0000000716400000|  0%| F|  |TAMS 0x0000000716300000, 0x0000000716300000| Untracked 
| 188|0x0000000716400000, 0x0000000716400000, 0x0000000716500000|  0%| F|  |TAMS 0x0000000716400000, 0x0000000716400000| Untracked 
| 189|0x0000000716500000, 0x0000000716500000, 0x0000000716600000|  0%| F|  |TAMS 0x0000000716500000, 0x0000000716500000| Untracked 
| 190|0x0000000716600000, 0x0000000716600000, 0x0000000716700000|  0%| F|  |TAMS 0x0000000716600000, 0x0000000716600000| Untracked 
| 191|0x0000000716700000, 0x0000000716700000, 0x0000000716800000|  0%| F|  |TAMS 0x0000000716700000, 0x0000000716700000| Untracked 
| 192|0x0000000716800000, 0x0000000716800000, 0x0000000716900000|  0%| F|  |TAMS 0x0000000716800000, 0x0000000716800000| Untracked 
| 193|0x0000000716900000, 0x0000000716900000, 0x0000000716a00000|  0%| F|  |TAMS 0x0000000716900000, 0x0000000716900000| Untracked 
| 194|0x0000000716a00000, 0x0000000716a00000, 0x0000000716b00000|  0%| F|  |TAMS 0x0000000716a00000, 0x0000000716a00000| Untracked 
| 195|0x0000000716b00000, 0x0000000716b00000, 0x0000000716c00000|  0%| F|  |TAMS 0x0000000716b00000, 0x0000000716b00000| Untracked 
| 196|0x0000000716c00000, 0x0000000716c00000, 0x0000000716d00000|  0%| F|  |TAMS 0x0000000716c00000, 0x0000000716c00000| Untracked 
| 197|0x0000000716d00000, 0x0000000716d00000, 0x0000000716e00000|  0%| F|  |TAMS 0x0000000716d00000, 0x0000000716d00000| Untracked 
| 198|0x0000000716e00000, 0x0000000716e00000, 0x0000000716f00000|  0%| F|  |TAMS 0x0000000716e00000, 0x0000000716e00000| Untracked 
| 199|0x0000000716f00000, 0x0000000716f00000, 0x0000000717000000|  0%| F|  |TAMS 0x0000000716f00000, 0x0000000716f00000| Untracked 
| 200|0x0000000717000000, 0x0000000717000000, 0x0000000717100000|  0%| F|  |TAMS 0x0000000717000000, 0x0000000717000000| Untracked 
| 201|0x0000000717100000, 0x0000000717100000, 0x0000000717200000|  0%| F|  |TAMS 0x0000000717100000, 0x0000000717100000| Untracked 
| 202|0x0000000717200000, 0x0000000717200000, 0x0000000717300000|  0%| F|  |TAMS 0x0000000717200000, 0x0000000717200000| Untracked 
| 203|0x0000000717300000, 0x0000000717300000, 0x0000000717400000|  0%| F|  |TAMS 0x0000000717300000, 0x0000000717300000| Untracked 
| 204|0x0000000717400000, 0x0000000717400000, 0x0000000717500000|  0%| F|  |TAMS 0x0000000717400000, 0x0000000717400000| Untracked 
| 205|0x0000000717500000, 0x0000000717500000, 0x0000000717600000|  0%| F|  |TAMS 0x0000000717500000, 0x0000000717500000| Untracked 
| 206|0x0000000717600000, 0x0000000717600000, 0x0000000717700000|  0%| F|  |TAMS 0x0000000717600000, 0x0000000717600000| Untracked 
| 207|0x0000000717700000, 0x0000000717700000, 0x0000000717800000|  0%| F|  |TAMS 0x0000000717700000, 0x0000000717700000| Untracked 
| 208|0x0000000717800000, 0x0000000717800000, 0x0000000717900000|  0%| F|  |TAMS 0x0000000717800000, 0x0000000717800000| Untracked 
| 209|0x0000000717900000, 0x0000000717900000, 0x0000000717a00000|  0%| F|  |TAMS 0x0000000717900000, 0x0000000717900000| Untracked 
| 210|0x0000000717a00000, 0x0000000717a00000, 0x0000000717b00000|  0%| F|  |TAMS 0x0000000717a00000, 0x0000000717a00000| Untracked 
| 211|0x0000000717b00000, 0x0000000717b00000, 0x0000000717c00000|  0%| F|  |TAMS 0x0000000717b00000, 0x0000000717b00000| Untracked 
| 212|0x0000000717c00000, 0x0000000717c00000, 0x0000000717d00000|  0%| F|  |TAMS 0x0000000717c00000, 0x0000000717c00000| Untracked 
| 213|0x0000000717d00000, 0x0000000717d00000, 0x0000000717e00000|  0%| F|  |TAMS 0x0000000717d00000, 0x0000000717d00000| Untracked 
| 214|0x0000000717e00000, 0x0000000717e00000, 0x0000000717f00000|  0%| F|  |TAMS 0x0000000717e00000, 0x0000000717e00000| Untracked 
| 215|0x0000000717f00000, 0x0000000717f00000, 0x0000000718000000|  0%| F|  |TAMS 0x0000000717f00000, 0x0000000717f00000| Untracked 
| 216|0x0000000718000000, 0x0000000718000000, 0x0000000718100000|  0%| F|  |TAMS 0x0000000718000000, 0x0000000718000000| Untracked 
| 217|0x0000000718100000, 0x0000000718100000, 0x0000000718200000|  0%| F|  |TAMS 0x0000000718100000, 0x0000000718100000| Untracked 
| 218|0x0000000718200000, 0x0000000718200000, 0x0000000718300000|  0%| F|  |TAMS 0x0000000718200000, 0x0000000718200000| Untracked 
| 219|0x0000000718300000, 0x0000000718400000, 0x0000000718400000|100%| S|CS|TAMS 0x0000000718300000, 0x0000000718300000| Complete 
| 220|0x0000000718400000, 0x0000000718500000, 0x0000000718500000|100%| S|CS|TAMS 0x0000000718400000, 0x0000000718400000| Complete 
| 221|0x0000000718500000, 0x0000000718600000, 0x0000000718600000|100%| S|CS|TAMS 0x0000000718500000, 0x0000000718500000| Complete 
| 222|0x0000000718600000, 0x0000000718700000, 0x0000000718700000|100%| E|  |TAMS 0x0000000718600000, 0x0000000718600000| Complete 
| 223|0x0000000718700000, 0x0000000718800000, 0x0000000718800000|100%| E|CS|TAMS 0x0000000718700000, 0x0000000718700000| Complete 
| 224|0x0000000718800000, 0x0000000718900000, 0x0000000718900000|100%| E|CS|TAMS 0x0000000718800000, 0x0000000718800000| Complete 
| 225|0x0000000718900000, 0x0000000718a00000, 0x0000000718a00000|100%| E|CS|TAMS 0x0000000718900000, 0x0000000718900000| Complete 
| 226|0x0000000718a00000, 0x0000000718b00000, 0x0000000718b00000|100%| E|CS|TAMS 0x0000000718a00000, 0x0000000718a00000| Complete 
| 227|0x0000000718b00000, 0x0000000718c00000, 0x0000000718c00000|100%| E|CS|TAMS 0x0000000718b00000, 0x0000000718b00000| Complete 
| 228|0x0000000718c00000, 0x0000000718d00000, 0x0000000718d00000|100%| E|CS|TAMS 0x0000000718c00000, 0x0000000718c00000| Complete 
| 229|0x0000000718d00000, 0x0000000718e00000, 0x0000000718e00000|100%| E|CS|TAMS 0x0000000718d00000, 0x0000000718d00000| Complete 
| 230|0x0000000718e00000, 0x0000000718f00000, 0x0000000718f00000|100%| E|CS|TAMS 0x0000000718e00000, 0x0000000718e00000| Complete 
| 231|0x0000000718f00000, 0x0000000719000000, 0x0000000719000000|100%| E|CS|TAMS 0x0000000718f00000, 0x0000000718f00000| Complete 
| 232|0x0000000719000000, 0x0000000719100000, 0x0000000719100000|100%| E|CS|TAMS 0x0000000719000000, 0x0000000719000000| Complete 
| 233|0x0000000719100000, 0x0000000719200000, 0x0000000719200000|100%| E|CS|TAMS 0x0000000719100000, 0x0000000719100000| Complete 
| 234|0x0000000719200000, 0x0000000719300000, 0x0000000719300000|100%| E|CS|TAMS 0x0000000719200000, 0x0000000719200000| Complete 
| 235|0x0000000719300000, 0x0000000719400000, 0x0000000719400000|100%| E|CS|TAMS 0x0000000719300000, 0x0000000719300000| Complete 
| 236|0x0000000719400000, 0x0000000719500000, 0x0000000719500000|100%| E|CS|TAMS 0x0000000719400000, 0x0000000719400000| Complete 
| 237|0x0000000719500000, 0x0000000719600000, 0x0000000719600000|100%| E|CS|TAMS 0x0000000719500000, 0x0000000719500000| Complete 
| 238|0x0000000719600000, 0x0000000719700000, 0x0000000719700000|100%| E|CS|TAMS 0x0000000719600000, 0x0000000719600000| Complete 
| 239|0x0000000719700000, 0x0000000719800000, 0x0000000719800000|100%| E|CS|TAMS 0x0000000719700000, 0x0000000719700000| Complete 
| 240|0x0000000719800000, 0x0000000719900000, 0x0000000719900000|100%| E|CS|TAMS 0x0000000719800000, 0x0000000719800000| Complete 
| 241|0x0000000719900000, 0x0000000719a00000, 0x0000000719a00000|100%| E|CS|TAMS 0x0000000719900000, 0x0000000719900000| Complete 
| 242|0x0000000719a00000, 0x0000000719b00000, 0x0000000719b00000|100%| E|CS|TAMS 0x0000000719a00000, 0x0000000719a00000| Complete 
| 243|0x0000000719b00000, 0x0000000719c00000, 0x0000000719c00000|100%| E|CS|TAMS 0x0000000719b00000, 0x0000000719b00000| Complete 
| 244|0x0000000719c00000, 0x0000000719d00000, 0x0000000719d00000|100%| E|CS|TAMS 0x0000000719c00000, 0x0000000719c00000| Complete 
| 245|0x0000000719d00000, 0x0000000719e00000, 0x0000000719e00000|100%| E|CS|TAMS 0x0000000719d00000, 0x0000000719d00000| Complete 

Card table byte_map: [0x00000202ed120000,0x00000202ed8d0000] _byte_map_base: 0x00000202e98cc000

Marking Bits (Prev, Next): (CMBitMap*) 0x00000202d99621a8, (CMBitMap*) 0x00000202d99621e0
 Prev Bits: [0x00000202ee080000, 0x00000202f1de0000)
 Next Bits: [0x00000202f1de0000, 0x00000202f5b40000)

Polling page: 0x00000202d90d0000

Metaspace:

Usage:
  Non-class:     13.71 MB capacity,    13.44 MB ( 98%) used,   259.86 KB (  2%) free+waste,    23.69 KB ( <1%) overhead. 
      Class:      1.81 MB capacity,     1.71 MB ( 94%) used,    96.89 KB (  5%) free+waste,    11.69 KB ( <1%) overhead. 
       Both:     15.53 MB capacity,    15.15 MB ( 98%) used,   356.75 KB (  2%) free+waste,    35.38 KB ( <1%) overhead. 

Virtual space:
  Non-class space:       14.00 MB reserved,      13.75 MB ( 98%) committed 
      Class space:        1.00 GB reserved,       1.88 MB ( <1%) committed 
             Both:        1.01 GB reserved,      15.63 MB (  2%) committed 

Chunk freelists:
   Non-Class:  36.00 KB
       Class:  0 bytes
        Both:  36.00 KB

MaxMetaspaceSize: 17179869184.00 GB
CompressedClassSpaceSize: 1.00 GB
Initial GC threshold: 20.80 MB
Current GC threshold: 20.80 MB
CDS: off

CodeHeap 'non-profiled nmethods': size=120000Kb used=523Kb max_used=523Kb free=119476Kb
 bounds [0x00000202e4ee0000, 0x00000202e5150000, 0x00000202ec410000]
CodeHeap 'profiled nmethods': size=120000Kb used=2565Kb max_used=2565Kb free=117434Kb
 bounds [0x00000202dd9b0000, 0x00000202ddc40000, 0x00000202e4ee0000]
CodeHeap 'non-nmethods': size=5760Kb used=1161Kb max_used=1172Kb free=4598Kb
 bounds [0x00000202dd410000, 0x00000202dd680000, 0x00000202dd9b0000]
 total_blobs=1751 nmethods=1330 adapters=334
 compilation: enabled
              stopped_count=0, restarted_count=0
 full_count=0

Compilation events (20 events):
Event: 27.288 Thread 0x00000202f91e3800 nmethod 1318 0x00000202ddc29010 code [0x00000202ddc29300, 0x00000202ddc2a218]
Event: 27.395 Thread 0x00000202f91e3800 1319       3       java.util.concurrent.ThreadPoolExecutor$Worker::lock (6 bytes)
Event: 27.397 Thread 0x00000202f91e3800 nmethod 1319 0x00000202ddc2a790 code [0x00000202ddc2aa00, 0x00000202ddc2b3c8]
Event: 27.397 Thread 0x00000202f91e3800 1320       3       java.util.concurrent.ThreadPoolExecutor$Worker::tryAcquire (20 bytes)
Event: 27.398 Thread 0x00000202f91e3800 nmethod 1320 0x00000202ddc2b790 code [0x00000202ddc2b9c0, 0x00000202ddc2c098]
Event: 27.398 Thread 0x00000202f91e3800 1321   !   3       org.gradle.internal.logging.console.ThrottlingOutputEventListener::onOutput (92 bytes)
Event: 27.398 Thread 0x00000202f91e3800 nmethod 1321 0x00000202ddc2c310 code [0x00000202ddc2c540, 0x00000202ddc2cfd8]
Event: 27.489 Thread 0x00000202f91e3800 1322       3       org.gradle.internal.time.MonotonicClock::getCurrentTime (70 bytes)
Event: 27.490 Thread 0x00000202f91e3800 nmethod 1322 0x00000202ddc2d310 code [0x00000202ddc2d560, 0x00000202ddc2de18]
Event: 27.490 Thread 0x00000202f91e3800 1323       3       org.gradle.internal.time.MonotonicClock::syncIsDue (28 bytes)
Event: 27.490 Thread 0x00000202f91e3800 nmethod 1323 0x00000202ddc2e290 code [0x00000202ddc2e440, 0x00000202ddc2e678]
Event: 27.491 Thread 0x00000202f91e3800 1324       3       org.gradle.internal.logging.sink.GroupingProgressLogEventGenerator::onOutput (108 bytes)
Event: 27.492 Thread 0x00000202f91e3800 nmethod 1324 0x00000202ddc2e790 code [0x00000202ddc2ea40, 0x00000202ddc2fc28]
Event: 27.596 Thread 0x00000202f91e3800 1325       3       java.util.concurrent.ScheduledThreadPoolExecutor$DelayedWorkQueue::finishPoll (43 bytes)
Event: 27.597 Thread 0x00000202f91e3800 nmethod 1325 0x00000202ddc2fe90 code [0x00000202ddc30080, 0x00000202ddc30688]
Event: 27.597 Thread 0x00000202f91e3800 1326       3       java.util.concurrent.ScheduledThreadPoolExecutor$ScheduledFutureTask::run (57 bytes)
Event: 27.597 Thread 0x00000202f91e3800 nmethod 1326 0x00000202ddc30810 code [0x00000202ddc30a40, 0x00000202ddc30e98]
Event: 27.597 Thread 0x00000202f91e3800 1327       3       org.gradle.internal.logging.console.ThrottlingOutputEventListener$1::run (27 bytes)
Event: 27.598 Thread 0x00000202f91e3800 nmethod 1327 0x00000202ddc31010 code [0x00000202ddc31200, 0x00000202ddc31598]
Event: 28.547 Thread 0x00000202f91e3800 1328       3       java.util.regex.Pattern::sequence (645 bytes)

GC Heap History (2 events):
Event: 1.863 GC heap before
{Heap before GC invocations=0 (full 0):
 garbage-first heap   total 251904K, used 29696K [0x000000070a800000, 0x0000000800000000)
  region size 1024K, 24 young (24576K), 0 survivors (0K)
 Metaspace       used 10722K, capacity 10986K, committed 11264K, reserved 1058816K
  class space    used 1093K, capacity 1171K, committed 1280K, reserved 1048576K
}
Event: 1.874 GC heap after
{Heap after GC invocations=1 (full 0):
 garbage-first heap   total 251904K, used 9528K [0x000000070a800000, 0x0000000800000000)
  region size 1024K, 3 young (3072K), 3 survivors (3072K)
 Metaspace       used 10722K, capacity 10986K, committed 11264K, reserved 1058816K
  class space    used 1093K, capacity 1171K, committed 1280K, reserved 1048576K
}

Deoptimization events (20 events):
Event: 16.425 Thread 0x00000202fa651800 Uncommon trap: trap_request=0xffffff4d fr.pc=0x00000202e4f198c4 relative=0x0000000000000204
Event: 16.425 Thread 0x00000202fa651800 Uncommon trap: reason=unstable_if action=reinterpret pc=0x00000202e4f198c4 method=java.util.HashMap.getNode(ILjava/lang/Object;)Ljava/util/HashMap$Node; @ 129 c2
Event: 16.425 Thread 0x00000202fa651800 DEOPT PACKING pc=0x00000202e4f198c4 sp=0x000000bf90ffe4d0
Event: 16.425 Thread 0x00000202fa651800 DEOPT UNPACKING pc=0x00000202dd45a1af sp=0x000000bf90ffe440 mode 2
Event: 16.440 Thread 0x00000202fa651800 Uncommon trap: trap_request=0xffffff4d fr.pc=0x00000202e4f14008 relative=0x00000000000004c8
Event: 16.440 Thread 0x00000202fa651800 Uncommon trap: reason=unstable_if action=reinterpret pc=0x00000202e4f14008 method=java.lang.AbstractStringBuilder.putStringAt(ILjava/lang/String;)V @ 8 c2
Event: 16.440 Thread 0x00000202fa651800 DEOPT PACKING pc=0x00000202e4f14008 sp=0x000000bf90ffeba0
Event: 16.440 Thread 0x00000202fa651800 DEOPT UNPACKING pc=0x00000202dd45a1af sp=0x000000bf90ffeaa8 mode 2
Event: 16.440 Thread 0x00000202fa651800 Uncommon trap: trap_request=0xffffff4d fr.pc=0x00000202e4f25a60 relative=0x00000000000004a0
Event: 16.440 Thread 0x00000202fa651800 Uncommon trap: reason=unstable_if action=reinterpret pc=0x00000202e4f25a60 method=java.lang.AbstractStringBuilder.putStringAt(ILjava/lang/String;)V @ 8 c2
Event: 16.441 Thread 0x00000202fa651800 DEOPT PACKING pc=0x00000202e4f25a60 sp=0x000000bf90ffeb30
Event: 16.441 Thread 0x00000202fa651800 DEOPT UNPACKING pc=0x00000202dd45a1af sp=0x000000bf90ffeaa0 mode 2
Event: 16.441 Thread 0x00000202fa651800 Uncommon trap: trap_request=0xffffff4d fr.pc=0x00000202e4f14770 relative=0x00000000000000d0
Event: 16.441 Thread 0x00000202fa651800 Uncommon trap: reason=unstable_if action=reinterpret pc=0x00000202e4f14770 method=java.lang.String.getBytes([BIB)V @ 5 c2
Event: 16.441 Thread 0x00000202fa651800 DEOPT PACKING pc=0x00000202e4f14770 sp=0x000000bf90ffea50
Event: 16.441 Thread 0x00000202fa651800 DEOPT UNPACKING pc=0x00000202dd45a1af sp=0x000000bf90ffea18 mode 2
Event: 16.441 Thread 0x00000202fa651800 Uncommon trap: trap_request=0xffffff4d fr.pc=0x00000202e4f3de54 relative=0x0000000000000414
Event: 16.441 Thread 0x00000202fa651800 Uncommon trap: reason=unstable_if action=reinterpret pc=0x00000202e4f3de54 method=java.lang.AbstractStringBuilder.isLatin1()Z @ 10 c2
Event: 16.441 Thread 0x00000202fa651800 DEOPT PACKING pc=0x00000202e4f3de54 sp=0x000000bf90ffebb0
Event: 16.441 Thread 0x00000202fa651800 DEOPT UNPACKING pc=0x00000202dd45a1af sp=0x000000bf90ffeb30 mode 2

Classes redefined (0 events):
No events

Internal exceptions (16 events):
Event: 0.474 Thread 0x00000202d9900000 Exception <a 'java/lang/NoSuchMethodError'{0x0000000719c9e378}: 'int java.lang.invoke.DirectMethodHandle$Holder.invokeSpecialIFC(java.lang.Object, java.lang.Object, int)'> (0x0000000719c9e378) thrown at [./src/hotspot/share/interpreter/linkResolver.cpp, line 773]
Event: 0.656 Thread 0x00000202d9900000 Exception <a 'java/lang/NoSuchMethodError'{0x0000000719a75f28}: 'int java.lang.invoke.DirectMethodHandle$Holder.invokeStaticInit(java.lang.Object, java.lang.Object)'> (0x0000000719a75f28) thrown at [./src/hotspot/share/interpreter/linkResolver.cpp, line 773]
Event: 0.752 Thread 0x00000202d9900000 Exception <a 'java/lang/NoSuchMethodError'{0x00000007199439f8}: 'int java.lang.invoke.DirectMethodHandle$Holder.invokeSpecial(java.lang.Object, java.lang.Object, java.lang.Object, java.lang.Object)'> (0x00000007199439f8) thrown at [./src/hotspot/share/interpreter/linkResolver.cpp, line 773]
Event: 1.796 Thread 0x00000202d9900000 Exception <a 'java/lang/NoClassDefFoundError'{0x00000007187e3490}: org/slf4j/impl/StaticMarkerBinder> (0x00000007187e3490) thrown at [./src/hotspot/share/classfile/systemDictionary.cpp, line 220]
Event: 1.848 Thread 0x00000202d9900000 Exception <a 'java/lang/NoSuchMethodError'{0x00000007186db850}: 'java.lang.Object java.lang.invoke.DirectMethodHandle$Holder.invokeVirtual(java.lang.Object, java.lang.Object, java.lang.Object, java.lang.Object, java.lang.Object, java.lang.Object, java.lang.Object)'> (0x00000007186db850) thrown at [./src/hotspot/share/interpreter/linkResolver.cpp, line 773]
Event: 1.856 Thread 0x00000202d9900000 Exception <a 'java/lang/NoSuchMethodError'{0x00000007186ef3d8}: 'java.lang.Object java.lang.invoke.Invokers$Holder.invoker(java.lang.Object, java.lang.Object, java.lang.Object)'> (0x00000007186ef3d8) thrown at [./src/hotspot/share/interpreter/linkResolver.cpp, line 773]
Event: 1.878 Thread 0x00000202d9900000 Exception <a 'java/lang/NoSuchMethodError'{0x0000000719d00998}: 'void java.lang.invoke.DelegatingMethodHandle$Holder.delegate(java.lang.Object, java.lang.Object, int, java.lang.Object)'> (0x0000000719d00998) thrown at [./src/hotspot/share/interpreter/linkResolver.cpp, line 773]
Event: 2.117 Thread 0x00000202d9900000 Exception <a 'java/lang/NoSuchMethodError'{0x000000071971bd20}: 'java.lang.Object java.lang.invoke.DirectMethodHandle$Holder.invokeInterface(java.lang.Object, java.lang.Object, java.lang.Object)'> (0x000000071971bd20) thrown at [./src/hotspot/share/interpreter/linkResolver.cpp, line 773]
Event: 2.210 Thread 0x00000202d9900000 Exception <a 'java/lang/NoSuchMethodError'{0x00000007195ab918}: 'java.lang.Object java.lang.invoke.DirectMethodHandle$Holder.invokeStaticInit(java.lang.Object, java.lang.Object, java.lang.Object)'> (0x00000007195ab918) thrown at [./src/hotspot/share/interpreter/linkResolver.cpp, line 773]
Event: 2.394 Thread 0x00000202d9900000 Exception <a 'java/lang/NoSuchMethodError'{0x0000000719076e38}: 'java.lang.Object java.lang.invoke.DirectMethodHandle$Holder.invokeStaticInit(java.lang.Object, int, int, int, int)'> (0x0000000719076e38) thrown at [./src/hotspot/share/interpreter/linkResolver.cpp, line 773]
Event: 7.136 Thread 0x00000202d9900000 Exception <a 'java/lang/NoSuchMethodError'{0x00000007190ec940}: 'java.lang.Object java.lang.invoke.DirectMethodHandle$Holder.invokeStaticInit(java.lang.Object, java.lang.Object, int, int, int, int)'> (0x00000007190ec940) thrown at [./src/hotspot/share/interpreter/linkResolver.cpp, line 773]
Event: 16.408 Thread 0x00000202fa651800 Exception <a 'java/lang/NoSuchMethodError'{0x0000000718790040}: 'void java.lang.invoke.DirectMethodHandle$Holder.invokeStatic(java.lang.Object, long)'> (0x0000000718790040) thrown at [./src/hotspot/share/interpreter/linkResolver.cpp, line 773]
Event: 16.409 Thread 0x00000202fa651800 Exception <a 'java/lang/NoSuchMethodError'{0x0000000718794fa8}: 'java.lang.Object java.lang.invoke.DirectMethodHandle$Holder.invokeStatic(java.lang.Object, long)'> (0x0000000718794fa8) thrown at [./src/hotspot/share/interpreter/linkResolver.cpp, line 773]
Event: 16.414 Thread 0x00000202fa651800 Exception <a 'java/lang/NoSuchMethodError'{0x00000007187a3048}: 'java.lang.Object java.lang.invoke.DirectMethodHandle$Holder.invokeStaticInit(java.lang.Object, java.lang.Object, long, java.lang.Object)'> (0x00000007187a3048) thrown at [./src/hotspot/share/interpreter/linkResolver.cpp, line 773]
Event: 16.415 Thread 0x00000202fa651800 Exception <a 'java/lang/NoSuchMethodError'{0x00000007187a8f70}: 'java.lang.Object java.lang.invoke.DirectMethodHandle$Holder.invokeStatic(java.lang.Object, java.lang.Object, long)'> (0x00000007187a8f70) thrown at [./src/hotspot/share/interpreter/linkResolver.cpp, line 773]
Event: 16.417 Thread 0x00000202fa651800 Exception <a 'java/lang/NoSuchMethodError'{0x00000007187af240}: 'java.lang.Object java.lang.invoke.Invokers$Holder.linkToTargetMethod(java.lang.Object, long, java.lang.Object)'> (0x00000007187af240) thrown at [./src/hotspot/share/interpreter/linkResolver.cpp, line 773]

Events (20 events):
Event: 16.434 loading class java/util/Scanner$PatternLRUCache
Event: 16.434 loading class java/util/Scanner$PatternLRUCache done
Event: 16.434 loading class java/text/NumberFormat
Event: 16.435 loading class java/text/Format
Event: 16.435 loading class java/text/Format done
Event: 16.435 loading class java/text/NumberFormat done
Event: 16.435 loading class java/text/spi/NumberFormatProvider
Event: 16.435 loading class java/text/spi/NumberFormatProvider done
Event: 16.436 loading class sun/util/locale/provider/NumberFormatProviderImpl
Event: 16.436 loading class sun/util/locale/provider/NumberFormatProviderImpl done
Event: 16.437 Executing VM operation: RevokeBias
Event: 16.437 Executing VM operation: RevokeBias done
Event: 16.437 loading class java/text/DecimalFormat
Event: 16.438 loading class java/text/DecimalFormat done
Event: 16.439 loading class java/text/FieldPosition
Event: 16.439 loading class java/text/FieldPosition done
Event: 16.439 loading class java/text/DigitList
Event: 16.440 loading class java/text/DigitList done
Event: 28.547 loading class java/util/regex/Matcher$ImmutableMatchResult
Event: 28.547 loading class java/util/regex/Matcher$ImmutableMatchResult done


Dynamic libraries:
0x00007ff6728d0000 - 0x00007ff6728da000 	C:\Program Files\Android\Android Studio\jre\bin\java.exe
0x00007ffaf3c90000 - 0x00007ffaf3ea4000 	C:\WINDOWS\SYSTEM32\ntdll.dll
0x00007ffaf3150000 - 0x00007ffaf3212000 	C:\WINDOWS\System32\KERNEL32.DLL
0x00007ffaf10e0000 - 0x00007ffaf1483000 	C:\WINDOWS\System32\KERNELBASE.dll
0x00007ffaf15c0000 - 0x00007ffaf16d1000 	C:\WINDOWS\System32\ucrtbase.dll
0x00007ffaec660000 - 0x00007ffaec679000 	C:\Program Files\Android\Android Studio\jre\bin\jli.dll
0x00007ffaec5f0000 - 0x00007ffaec607000 	C:\Program Files\Android\Android Studio\jre\bin\VCRUNTIME140.dll
0x00007ffaf2fa0000 - 0x00007ffaf314b000 	C:\WINDOWS\System32\USER32.dll
0x00007ffaf10b0000 - 0x00007ffaf10d6000 	C:\WINDOWS\System32\win32u.dll
0x00007fface920000 - 0x00007ffacebae000 	C:\WINDOWS\WinSxS\amd64_microsoft.windows.common-controls_6595b64144ccf1df_6.0.22621.1635_none_270f70857386168e\COMCTL32.dll
0x00007ffaf28d0000 - 0x00007ffaf28f9000 	C:\WINDOWS\System32\GDI32.dll
0x00007ffaf2de0000 - 0x00007ffaf2e87000 	C:\WINDOWS\System32\msvcrt.dll
0x00007ffaf1780000 - 0x00007ffaf1898000 	C:\WINDOWS\System32\gdi32full.dll
0x00007ffaf16e0000 - 0x00007ffaf177a000 	C:\WINDOWS\System32\msvcp_win.dll
0x00007ffaf1b40000 - 0x00007ffaf1b71000 	C:\WINDOWS\System32\IMM32.DLL
0x00007ffacec60000 - 0x00007ffacecfd000 	C:\Program Files\Android\Android Studio\jre\bin\msvcp140.dll
0x00007ffa5a360000 - 0x00007ffa5ae62000 	C:\Program Files\Android\Android Studio\jre\bin\server\jvm.dll
0x00007ffaf2d30000 - 0x00007ffaf2dde000 	C:\WINDOWS\System32\ADVAPI32.dll
0x00007ffaf1a90000 - 0x00007ffaf1b34000 	C:\WINDOWS\System32\sechost.dll
0x00007ffaf29c0000 - 0x00007ffaf2ad7000 	C:\WINDOWS\System32\RPCRT4.dll
0x00007ffaf2e90000 - 0x00007ffaf2e98000 	C:\WINDOWS\System32\PSAPI.DLL
0x00007ffac9ba0000 - 0x00007ffac9ba9000 	C:\WINDOWS\SYSTEM32\WSOCK32.dll
0x00007ffae8fb0000 - 0x00007ffae8fba000 	C:\WINDOWS\SYSTEM32\VERSION.dll
0x00007ffaeed40000 - 0x00007ffaeed74000 	C:\WINDOWS\SYSTEM32\WINMM.dll
0x00007ffaf3b60000 - 0x00007ffaf3bd1000 	C:\WINDOWS\System32\WS2_32.dll
0x00007ffaf0100000 - 0x00007ffaf0118000 	C:\WINDOWS\SYSTEM32\kernel.appcore.dll
0x00007ffaea2c0000 - 0x00007ffaea2d1000 	C:\Program Files\Android\Android Studio\jre\bin\verify.dll
0x00007ffaee780000 - 0x00007ffaee9ae000 	C:\WINDOWS\SYSTEM32\DBGHELP.DLL
0x00007ffaf1b80000 - 0x00007ffaf1f09000 	C:\WINDOWS\System32\combase.dll
0x00007ffaf2ae0000 - 0x00007ffaf2bb7000 	C:\WINDOWS\System32\OLEAUT32.dll
0x00007ffae3dd0000 - 0x00007ffae3e02000 	C:\WINDOWS\SYSTEM32\dbgcore.DLL
0x00007ffaf1a10000 - 0x00007ffaf1a8b000 	C:\WINDOWS\System32\bcryptPrimitives.dll
0x00007ffae7fe0000 - 0x00007ffae8009000 	C:\Program Files\Android\Android Studio\jre\bin\java.dll
0x00007ffaec6d0000 - 0x00007ffaec6db000 	C:\Program Files\Android\Android Studio\jre\bin\jimage.dll
0x00007ffae7f60000 - 0x00007ffae7f78000 	C:\Program Files\Android\Android Studio\jre\bin\zip.dll
0x00007ffaf1f10000 - 0x00007ffaf270a000 	C:\WINDOWS\System32\SHELL32.dll
0x00007ffaef0b0000 - 0x00007ffaef97e000 	C:\WINDOWS\SYSTEM32\windows.storage.dll
0x00007ffaeef70000 - 0x00007ffaef0ae000 	C:\WINDOWS\SYSTEM32\wintypes.dll
0x00007ffaf2720000 - 0x00007ffaf2811000 	C:\WINDOWS\System32\SHCORE.dll
0x00007ffaf3440000 - 0x00007ffaf349e000 	C:\WINDOWS\System32\shlwapi.dll
0x00007ffaf0fe0000 - 0x00007ffaf1001000 	C:\WINDOWS\SYSTEM32\profapi.dll
0x00007ffad0e40000 - 0x00007ffad0e5a000 	C:\Program Files\Android\Android Studio\jre\bin\net.dll
0x00007ffaeba30000 - 0x00007ffaebb67000 	C:\WINDOWS\SYSTEM32\WINHTTP.dll
0x00007ffaf0570000 - 0x00007ffaf05d9000 	C:\WINDOWS\system32\mswsock.dll
0x00007ffad0ad0000 - 0x00007ffad0ae4000 	C:\Program Files\Android\Android Studio\jre\bin\nio.dll
0x00007ffacff40000 - 0x00007ffacff67000 	C:\Users\Bugatti\.gradle\native\e1d6ef7f7dcc3fd88c89a11ec53ec762bb8ba0a96d01ffa2cd45eb1d1d8dd5c5\windows-amd64\native-platform.dll
0x00007ffae7f50000 - 0x00007ffae7f5a000 	C:\Program Files\Android\Android Studio\jre\bin\management.dll
0x00007ffae7a00000 - 0x00007ffae7a0d000 	C:\Program Files\Android\Android Studio\jre\bin\management_ext.dll
0x00007ffaf07d0000 - 0x00007ffaf07eb000 	C:\WINDOWS\SYSTEM32\CRYPTSP.dll
0x00007ffaf0070000 - 0x00007ffaf00a5000 	C:\WINDOWS\system32\rsaenh.dll
0x00007ffaf0670000 - 0x00007ffaf0698000 	C:\WINDOWS\SYSTEM32\USERENV.dll
0x00007ffaf0a00000 - 0x00007ffaf0a28000 	C:\WINDOWS\SYSTEM32\bcrypt.dll
0x00007ffaf07f0000 - 0x00007ffaf07fc000 	C:\WINDOWS\SYSTEM32\CRYPTBASE.dll
0x00007ffaefbd0000 - 0x00007ffaefbfd000 	C:\WINDOWS\SYSTEM32\IPHLPAPI.DLL
0x00007ffaf2900000 - 0x00007ffaf2909000 	C:\WINDOWS\System32\NSI.dll
0x00007ffaea530000 - 0x00007ffaea549000 	C:\WINDOWS\SYSTEM32\dhcpcsvc6.DLL
0x00007ffaea510000 - 0x00007ffaea52f000 	C:\WINDOWS\SYSTEM32\dhcpcsvc.DLL
0x00007ffaefc00000 - 0x00007ffaefcf3000 	C:\WINDOWS\SYSTEM32\DNSAPI.dll

dbghelp: loaded successfully - version: 4.0.5 - missing functions: none
symbol engine: initialized successfully - sym options: 0x614 - pdb path: .;C:\Program Files\Android\Android Studio\jre\bin;C:\WINDOWS\SYSTEM32;C:\WINDOWS\WinSxS\amd64_microsoft.windows.common-controls_6595b64144ccf1df_6.0.22621.1635_none_270f70857386168e;C:\Program Files\Android\Android Studio\jre\bin\server;C:\Users\Bugatti\.gradle\native\e1d6ef7f7dcc3fd88c89a11ec53ec762bb8ba0a96d01ffa2cd45eb1d1d8dd5c5\windows-amd64

VM Arguments:
jvm_args: -Dorg.gradle.appname=gradlew 
java_command: org.gradle.wrapper.GradleWrapperMain -q -Ptarget-platform=android-arm64 -Ptarget=D:\besafe\besafe\besafe8\lib\main.dart -Pbase-application-name=android.app.Application -Pdart-defines=RkxVVFRFUl9XRUJfQVVUT19ERVRFQ1Q9dHJ1ZQ==,RkxVVFRFUl9XRUJfQ0FOVkFTS0lUX1VSTD1odHRwczovL3d3dy5nc3RhdGljLmNvbS9mbHV0dGVyLWNhbnZhc2tpdC85MGZhM2FlMjhmZTZkZGFlZTFhZjJjMTIwZjAxZTUwMjAxYzE0MDFiLw== -Pdart-obfuscation=false -Ptrack-widget-creation=true -Ptree-shake-icons=false -Pfilesystem-scheme=org-dartlang-root assembleDebug
java_class_path (initial): D:\besafe\besafe\besafe8\android\\gradle\wrapper\gradle-wrapper.jar
Launcher Type: SUN_STANDARD

[Global flags]
     intx CICompilerCount                          = 4                                         {product} {ergonomic}
     uint ConcGCThreads                            = 3                                         {product} {ergonomic}
     uint G1ConcRefinementThreads                  = 10                                        {product} {ergonomic}
   size_t G1HeapRegionSize                         = 1048576                                   {product} {ergonomic}
    uintx GCDrainStackTargetSize                   = 64                                        {product} {ergonomic}
   size_t InitialHeapSize                          = 257949696                                 {product} {ergonomic}
   size_t MarkStackSize                            = 4194304                                   {product} {ergonomic}
   size_t MaxHeapSize                              = 4118806528                                {product} {ergonomic}
   size_t MaxNewSize                               = 2470445056                                {product} {ergonomic}
   size_t MinHeapDeltaBytes                        = 1048576                                   {product} {ergonomic}
    uintx NonNMethodCodeHeapSize                   = 5836300                                {pd product} {ergonomic}
    uintx NonProfiledCodeHeapSize                  = 122910970                              {pd product} {ergonomic}
    uintx ProfiledCodeHeapSize                     = 122910970                              {pd product} {ergonomic}
    uintx ReservedCodeCacheSize                    = 251658240                              {pd product} {ergonomic}
     bool SegmentedCodeCache                       = true                                      {product} {ergonomic}
     bool UseCompressedClassPointers               = true                                 {lp64_product} {ergonomic}
     bool UseCompressedOops                        = true                                 {lp64_product} {ergonomic}
     bool UseG1GC                                  = true                                      {product} {ergonomic}
     bool UseLargePagesIndividualAllocation        = false                                  {pd product} {ergonomic}

Logging:
Log output configuration:
 #0: stdout all=warning uptime,level,tags
 #1: stderr all=off uptime,level,tags

Environment Variables:
JAVA_HOME=C:\Program Files\Android\Android Studio\jre
CLASSPATH=D:\besafe\besafe\besafe8\android\\gradle\wrapper\gradle-wrapper.jar
PATH=C:\Program Files (x86)\VMware\VMware Workstation\bin\;C:\Python311\Scripts\;C:\Python311\;C:\Program Files\Common Files\Oracle\Java\javapath;C:\Program Files (x86)\Common Files\Oracle\Java\javapath;C:\WINDOWS\system32;C:\Users\Bugatti\languages\flutter\bin;C:\WINDOWS;C:\WINDOWS\System32\Wbem;C:\WINDOWS\System32\WindowsPowerShell\v1.0\;C:\WINDOWS\System32\OpenSSH\;C:\Program Files\Git\cmd;C:\ProgramData\chocolatey\bin;C:\Program Files\nodejs\;C:\Program Files\dotnet\;C:\Program Files (x86)\ZeroTier\One\;C:\Program Files\PuTTY\;C:\Users\Bugatti\AppData\Local\Microsoft\WindowsApps;C:\Users\Bugatti\AppData\Local\Programs\Microsoft VS Code\bin;C:\Users\Bugatti\AppData\Local\Programs\mongosh\;C:\tools\dart-sdk\bin;C:\Users\Bugatti\languages\dart-sdk\bin;C:\Users\Bugatti\languages\flutter\bin;C:\Users\Bugatti\AppData\Roaming\Pub\Cache\bin;C:\Users\Bugatti\AppData\Roaming\npm;C:\Users\Bugatti\AppData\Local\GitHubDesktop\bin;C:\Program Files\Java\jdk-19\bin;C:\Program Files\JetBrains\WebStorm 2022.3.2\bin;;;C:\Users\Bugatti\languages\flutter\bin\mingit\cmd
USERNAME=Bugatti
OS=Windows_NT
PROCESSOR_IDENTIFIER=AMD64 Family 23 Model 104 Stepping 1, AuthenticAMD



---------------  S Y S T E M  ---------------

OS: Windows 11 , 64 bit Build 22621 (10.0.22621.1635)
OS uptime: 0 days 2:36 hours

CPU:total 12 (initial active 12) (12 cores per cpu, 2 threads per core) family 23 model 104 stepping 1 microcode 0x0, cmov, cx8, fxsr, mmx, sse, sse2, sse3, ssse3, sse4.1, sse4.2, popcnt, avx, avx2, aes, clmul, mmxext, 3dnowpref, lzcnt, sse4a, ht, tsc, tscinvbit, tscinv, bmi1, bmi2, adx, sha, fma

Memory: 4k page, system-wide physical 15706M (489M free)
TotalPageFile size 25796M (AvailPageFile size 365M)
current process WorkingSet (physical memory assigned to process): 104M, peak: 107M
current process commit charge ("private bytes"): 356M, peak: 359M

vm_info: OpenJDK 64-Bit Server VM (11.0.13+0-b1751.21-8125866) for windows-amd64 JRE (11.0.13+0-b1751.21-8125866), built on Feb  2 2022 03:00:22 by "builder" with MS VC++ 14.0 (VS2015)

END.
